[debug] [2021-09-05T16:10:01.345Z] ----------------------------------------------------------------------
[debug] [2021-09-05T16:10:01.351Z] Command:       C:\Program Files\nodejs\node.exe C:\Users\hp\AppData\Roaming\npm\node_modules\firebase-tools\lib\bin\firebase.js init
[debug] [2021-09-05T16:10:01.353Z] CLI Version:   9.16.0
[debug] [2021-09-05T16:10:01.354Z] Platform:      win32
[debug] [2021-09-05T16:10:01.354Z] Node Version:  v14.15.1
[debug] [2021-09-05T16:10:01.355Z] Time:          Sun Sep 05 2021 21:40:01 GMT+0530 (India Standard Time)
[debug] [2021-09-05T16:10:01.355Z] ----------------------------------------------------------------------
[debug] 
[debug] [2021-09-05T16:10:01.376Z] > command requires scopes: ["email","openid","https://www.googleapis.com/auth/cloudplatformprojects.readonly","https://www.googleapis.com/auth/firebase","https://www.googleapis.com/auth/cloud-platform"]
[debug] [2021-09-05T16:10:01.376Z] > authorizing via signed-in user (gauravkonde26@gmail.com)
[info] 
     ######## #### ########  ######## ########     ###     ######  ########
     ##        ##  ##     ## ##       ##     ##  ##   ##  ##       ##
     ######    ##  ########  ######   ########  #########  ######  ######
     ##        ##  ##    ##  ##       ##     ## ##     ##       ## ##
     ##       #### ##     ## ######## ########  ##     ##  ######  ########

You're about to initialize a Firebase project in this directory:

  C:\Gaurav\reactjs\apple-clone

Before we get started, keep in mind:

  * You are currently outside your home directory

